2023-09-05 17:10:01,343 - root - INFO - {'seed': 2023, 'model_dir': '../model', 'checkpoint_dir': '../checkpoint', 'model_name': 'Beauty_sequential.pt', 'log_dir': '../log', 'distributed': 1, 'gpu': '0,1,2,3', 'master_addr': 'localhost', 'master_port': '2000', 'logging_level': 20, 'data_path': '../data', 'item_indexing': 'sequential', 'tasks': 'sequential,straightforward', 'datasets': 'Beauty', 'prompt_file': '../prompt.txt', 'sequential_order': 'original', 'collaborative_token_size': 200, 'collaborative_cluster': 20, 'collaborative_last_token': 'sequential', 'collaborative_float32': 0, 'max_his': 20, 'his_prefix': 1, 'his_sep': ' , ', 'skip_empty_his': 1, 'valid_prompt': 'seen:0', 'valid_prompt_sample': 1, 'valid_sample_num': '3,3', 'test_prompt': 'seen:0', 'sample_prompt': 1, 'sample_num': '3,3', 'batch_size': 64, 'eval_batch_size': 20, 'dist_sampler': 0, 'optim': 'AdamW', 'epochs': 20, 'lr': 0.001, 'clip': 1, 'logging_step': 100, 'warmup_prop': 0.05, 'gradient_accumulation_steps': 1, 'weight_decay': 0.01, 'adam_eps': 1e-06, 'dropout': 0.1, 'alpha': 2, 'train': 0, 'backbone': 't5-small', 'metrics': 'hit@5,hit@10,ndcg@5,ndcg@10', 'load': 0, 'random_initialize': 1, 'test_epoch': 1, 'valid_select': 0, 'test_before_train': 1, 'test_filtered': 0, 'test_filtered_batch': 1, 'world_size': 4, 'rank': 0, 'log_name': '1_1_1_1_20_2000_Beauty_sequential,straightforward_t5-small_sequential_0.001_20_64_3,3_prompt', 'model_path': '../checkpoint/Beauty_sequential.pt'}
2023-09-05 17:10:01,343 - root - INFO - Generating data for Beauty dataset
2023-09-05 17:10:01,343 - root - INFO - Get prompt template from ../prompt.txt
2023-09-05 17:10:01,422 - root - INFO - Considering {dataset} user_{user_id} has interacted with {dataset} items {history} . What is the next recommendation for the user ?
2023-09-05 17:10:01,422 - root - INFO - Required info: ['user_id', 'target', 'dataset', 'history']
2023-09-05 17:10:01,455 - root - INFO - Reindex data with sequential indexing method
2023-09-05 17:10:03,566 - root - INFO - loading training data
2023-09-05 17:10:03,919 - root - INFO - Getting prompt information
2023-09-05 17:10:06,208 - root - INFO - Input: Here is the purchase history of Beauty user_6 : Beauty item item_1026 , item_1027 , item_1028 , item_1009 , item_1029 , item_1030 , item_1031 , item_1032 , item_1033 , item_1034 , item_1035 , item_1036 , item_1037 . I wonder what is the next recommended item for the user . , Output: Beauty item_1038 
2023-09-05 17:10:06,356 - root - INFO - Use t5-small backbone model
2023-09-05 17:10:11,506 - root - INFO - Random initialize number related tokens
2023-09-05 17:10:13,520 - root - INFO - Load model from ../checkpoint/Beauty_sequential.pt
2023-09-05 17:11:41,921 - root - INFO - {'seed': 2023, 'model_dir': '../model', 'checkpoint_dir': '../checkpoint', 'model_name': 'Beauty_sequential.pt', 'log_dir': '../log', 'distributed': 1, 'gpu': '0,1,2,3', 'master_addr': 'localhost', 'master_port': '2000', 'logging_level': 20, 'data_path': '../data', 'item_indexing': 'sequential', 'tasks': 'sequential,straightforward', 'datasets': 'Beauty', 'prompt_file': '../prompt.txt', 'sequential_order': 'original', 'collaborative_token_size': 200, 'collaborative_cluster': 20, 'collaborative_last_token': 'sequential', 'collaborative_float32': 0, 'max_his': 20, 'his_prefix': 1, 'his_sep': ' , ', 'skip_empty_his': 1, 'valid_prompt': 'seen:0', 'valid_prompt_sample': 1, 'valid_sample_num': '3,3', 'test_prompt': 'seen:0', 'sample_prompt': 1, 'sample_num': '3,3', 'batch_size': 64, 'eval_batch_size': 20, 'dist_sampler': 0, 'optim': 'AdamW', 'epochs': 20, 'lr': 0.001, 'clip': 1, 'logging_step': 100, 'warmup_prop': 0.05, 'gradient_accumulation_steps': 1, 'weight_decay': 0.01, 'adam_eps': 1e-06, 'dropout': 0.1, 'alpha': 2, 'train': 0, 'backbone': 't5-small', 'metrics': 'hit@5,hit@10,ndcg@5,ndcg@10', 'load': 0, 'random_initialize': 1, 'test_epoch': 1, 'valid_select': 0, 'test_before_train': 1, 'test_filtered': 0, 'test_filtered_batch': 1, 'world_size': 4, 'rank': 0, 'log_name': '1_1_1_1_20_2000_Beauty_sequential,straightforward_t5-small_sequential_0.001_20_64_3,3_prompt', 'model_path': '../checkpoint/Beauty_sequential.pt'}
2023-09-05 17:11:41,921 - root - INFO - Generating data for Beauty dataset
2023-09-05 17:11:41,921 - root - INFO - Get prompt template from ../prompt.txt
2023-09-05 17:11:41,996 - root - INFO - Considering {dataset} user_{user_id} has interacted with {dataset} items {history} . What is the next recommendation for the user ?
2023-09-05 17:11:41,996 - root - INFO - Required info: ['user_id', 'dataset', 'target', 'history']
2023-09-05 17:11:42,031 - root - INFO - Reindex data with sequential indexing method
2023-09-05 17:11:43,577 - root - INFO - loading training data
2023-09-05 17:11:43,934 - root - INFO - Getting prompt information
2023-09-05 17:11:46,187 - root - INFO - Input: Here is the purchase history of Beauty user_6 : Beauty item item_1026 , item_1027 , item_1028 , item_1009 , item_1029 , item_1030 , item_1031 , item_1032 , item_1033 , item_1034 , item_1035 , item_1036 , item_1037 . I wonder what is the next recommended item for the user . , Output: Beauty item_1038 
2023-09-05 17:11:46,335 - root - INFO - Use t5-small backbone model
2023-09-05 17:11:47,376 - root - INFO - Random initialize number related tokens
2023-09-05 17:11:48,930 - root - INFO - Load model from ../checkpoint/Beauty_sequential.pt
2023-09-05 17:13:23,803 - root - INFO - {'seed': 2023, 'model_dir': '../model', 'checkpoint_dir': '../checkpoint', 'model_name': 'Beauty_sequential.pt', 'log_dir': '../log', 'distributed': 1, 'gpu': '0,1,2,3', 'master_addr': 'localhost', 'master_port': '2000', 'logging_level': 20, 'data_path': '../data', 'item_indexing': 'sequential', 'tasks': 'sequential,straightforward', 'datasets': 'Beauty', 'prompt_file': '../prompt.txt', 'sequential_order': 'original', 'collaborative_token_size': 200, 'collaborative_cluster': 20, 'collaborative_last_token': 'sequential', 'collaborative_float32': 0, 'max_his': 20, 'his_prefix': 1, 'his_sep': ' , ', 'skip_empty_his': 1, 'valid_prompt': 'seen:0', 'valid_prompt_sample': 1, 'valid_sample_num': '3,3', 'test_prompt': 'seen:0', 'sample_prompt': 1, 'sample_num': '3,3', 'batch_size': 64, 'eval_batch_size': 20, 'dist_sampler': 0, 'optim': 'AdamW', 'epochs': 20, 'lr': 0.001, 'clip': 1, 'logging_step': 100, 'warmup_prop': 0.05, 'gradient_accumulation_steps': 1, 'weight_decay': 0.01, 'adam_eps': 1e-06, 'dropout': 0.1, 'alpha': 2, 'train': 0, 'backbone': 't5-small', 'metrics': 'hit@5,hit@10,ndcg@5,ndcg@10', 'load': 0, 'random_initialize': 1, 'test_epoch': 1, 'valid_select': 0, 'test_before_train': 1, 'test_filtered': 0, 'test_filtered_batch': 1, 'world_size': 4, 'rank': 0, 'log_name': '1_1_1_1_20_2000_Beauty_sequential,straightforward_t5-small_sequential_0.001_20_64_3,3_prompt', 'model_path': '../checkpoint/Beauty_sequential.pt'}
2023-09-05 17:13:23,803 - root - INFO - Generating data for Beauty dataset
2023-09-05 17:13:23,803 - root - INFO - Get prompt template from ../prompt.txt
2023-09-05 17:13:23,871 - root - INFO - Considering {dataset} user_{user_id} has interacted with {dataset} items {history} . What is the next recommendation for the user ?
2023-09-05 17:13:23,871 - root - INFO - Required info: ['history', 'dataset', 'user_id', 'target']
2023-09-05 17:13:23,908 - root - INFO - Reindex data with sequential indexing method
2023-09-05 17:13:25,482 - root - INFO - loading training data
2023-09-05 17:13:25,812 - root - INFO - Getting prompt information
2023-09-05 17:13:28,050 - root - INFO - Input: Here is the purchase history of Beauty user_6 : Beauty item item_1026 , item_1027 , item_1028 , item_1009 , item_1029 , item_1030 , item_1031 , item_1032 , item_1033 , item_1034 , item_1035 , item_1036 , item_1037 . I wonder what is the next recommended item for the user . , Output: Beauty item_1038 
2023-09-05 17:13:28,237 - root - INFO - Use t5-small backbone model
2023-09-05 17:13:29,419 - root - INFO - Random initialize number related tokens
2023-09-05 17:13:31,051 - root - INFO - Load model from ../checkpoint/Beauty_sequential.pt
2023-09-05 17:14:47,251 - root - INFO - {'seed': 2023, 'model_dir': '../model', 'checkpoint_dir': '../checkpoint', 'model_name': 'Beauty_sequential.pt', 'log_dir': '../log', 'distributed': 1, 'gpu': '0,1,2,3', 'master_addr': 'localhost', 'master_port': '2000', 'logging_level': 20, 'data_path': '../data', 'item_indexing': 'sequential', 'tasks': 'sequential,straightforward', 'datasets': 'Beauty', 'prompt_file': '../prompt.txt', 'sequential_order': 'original', 'collaborative_token_size': 200, 'collaborative_cluster': 20, 'collaborative_last_token': 'sequential', 'collaborative_float32': 0, 'max_his': 20, 'his_prefix': 1, 'his_sep': ' , ', 'skip_empty_his': 1, 'valid_prompt': 'seen:0', 'valid_prompt_sample': 1, 'valid_sample_num': '3,3', 'test_prompt': 'seen:0', 'sample_prompt': 1, 'sample_num': '3,3', 'batch_size': 64, 'eval_batch_size': 20, 'dist_sampler': 0, 'optim': 'AdamW', 'epochs': 20, 'lr': 0.001, 'clip': 1, 'logging_step': 100, 'warmup_prop': 0.05, 'gradient_accumulation_steps': 1, 'weight_decay': 0.01, 'adam_eps': 1e-06, 'dropout': 0.1, 'alpha': 2, 'train': 0, 'backbone': 't5-small', 'metrics': 'hit@5,hit@10,ndcg@5,ndcg@10', 'load': 0, 'random_initialize': 1, 'test_epoch': 1, 'valid_select': 0, 'test_before_train': 1, 'test_filtered': 0, 'test_filtered_batch': 1, 'world_size': 4, 'rank': 0, 'log_name': '1_1_1_1_20_2000_Beauty_sequential,straightforward_t5-small_sequential_0.001_20_64_3,3_prompt', 'model_path': '../checkpoint/Beauty_sequential.pt'}
2023-09-05 17:14:47,252 - root - INFO - Generating data for Beauty dataset
2023-09-05 17:14:47,252 - root - INFO - Get prompt template from ../prompt.txt
2023-09-05 17:14:47,356 - root - INFO - Considering {dataset} user_{user_id} has interacted with {dataset} items {history} . What is the next recommendation for the user ?
2023-09-05 17:14:47,356 - root - INFO - Required info: ['target', 'history', 'dataset', 'user_id']
2023-09-05 17:14:47,387 - root - INFO - Reindex data with sequential indexing method
2023-09-05 17:14:48,879 - root - INFO - loading training data
2023-09-05 17:14:49,284 - root - INFO - Getting prompt information
2023-09-05 17:14:51,540 - root - INFO - Input: Here is the purchase history of Beauty user_6 : Beauty item item_1026 , item_1027 , item_1028 , item_1009 , item_1029 , item_1030 , item_1031 , item_1032 , item_1033 , item_1034 , item_1035 , item_1036 , item_1037 . I wonder what is the next recommended item for the user . , Output: Beauty item_1038 
2023-09-05 17:14:51,693 - root - INFO - Use t5-small backbone model
2023-09-05 17:14:52,821 - root - INFO - Random initialize number related tokens
2023-09-05 17:14:54,509 - root - INFO - Load model from ../checkpoint/Beauty_sequential.pt
